<?xml version="1.0" encoding="UTF-8"?>
<testng-results ignored="0" total="3" passed="3" failed="0" skipped="0">
  <reporter-output>
  </reporter-output>
  <suite started-at="2021-01-29T14:42:28 CET" name="Suite" finished-at="2021-01-29T14:44:11 CET" duration-ms="102564">
    <groups>
    </groups>
    <test started-at="2021-01-29T14:42:28 CET" name="Test" finished-at="2021-01-29T14:44:11 CET" duration-ms="102564">
      <class name="de.alain.FreelancerDe.testCase.TestCases">
        <test-method is-config="true" signature="setUpFramework()[pri:0, instance:de.alain.FreelancerDe.testCase.TestCases@efde75f]" started-at="2021-01-29T14:42:28 CET" name="setUpFramework" finished-at="2021-01-29T14:42:28 CET" duration-ms="46" status="PASS">
          <reporter-output>
          </reporter-output>
        </test-method> <!-- setUpFramework -->
        <test-method is-config="true" signature="beforeMethod()[pri:0, instance:de.alain.FreelancerDe.testCase.TestCases@efde75f]" started-at="2021-01-29T14:42:28 CET" name="beforeMethod" finished-at="2021-01-29T14:42:37 CET" duration-ms="8604" status="PASS">
          <reporter-output>
          </reporter-output>
        </test-method> <!-- beforeMethod -->
        <test-method signature="prozessLogikAbwicklung(java.util.Hashtable, java.lang.reflect.Method)[pri:0, instance:de.alain.FreelancerDe.testCase.TestCases@efde75f]" started-at="2021-01-29T14:42:37 CET" name="prozessLogikAbwicklung" data-provider="data" finished-at="2021-01-29T14:43:18 CET" duration-ms="41077" status="PASS">
          <params>
            <param index="0">
              <value>
                <![CDATA[{suchebegriff=msg}]]>
              </value>
            </param>
            <param index="1">
              <value>
                <![CDATA[public void de.alain.FreelancerDe.testCase.TestCases.prozessLogikAbwicklung(java.util.Hashtable,java.lang.reflect.Method) throws java.lang.InterruptedException,java.io.IOException]]>
              </value>
            </param>
          </params>
          <reporter-output>
          </reporter-output>
        </test-method> <!-- prozessLogikAbwicklung -->
        <test-method signature="prozessLogikAbwicklung(java.util.Hashtable, java.lang.reflect.Method)[pri:0, instance:de.alain.FreelancerDe.testCase.TestCases@efde75f]" started-at="2021-01-29T14:43:18 CET" name="prozessLogikAbwicklung" data-provider="data" finished-at="2021-01-29T14:43:56 CET" duration-ms="38614" status="PASS">
          <params>
            <param index="0">
              <value>
                <![CDATA[{suchebegriff=Testautomatisierer}]]>
              </value>
            </param>
            <param index="1">
              <value>
                <![CDATA[public void de.alain.FreelancerDe.testCase.TestCases.prozessLogikAbwicklung(java.util.Hashtable,java.lang.reflect.Method) throws java.lang.InterruptedException,java.io.IOException]]>
              </value>
            </param>
          </params>
          <reporter-output>
          </reporter-output>
        </test-method> <!-- prozessLogikAbwicklung -->
        <test-method is-config="true" signature="beforeMethod()[pri:0, instance:de.alain.FreelancerDe.testCase.TestCases@efde75f]" started-at="2021-01-29T14:43:18 CET" name="beforeMethod" finished-at="2021-01-29T14:43:18 CET" duration-ms="0" status="PASS">
          <reporter-output>
          </reporter-output>
        </test-method> <!-- beforeMethod -->
        <test-method is-config="true" signature="beforeMethod()[pri:0, instance:de.alain.FreelancerDe.testCase.TestCases@efde75f]" started-at="2021-01-29T14:43:56 CET" name="beforeMethod" finished-at="2021-01-29T14:43:56 CET" duration-ms="0" status="PASS">
          <reporter-output>
          </reporter-output>
        </test-method> <!-- beforeMethod -->
        <test-method signature="prozessLogikAbwicklung(java.util.Hashtable, java.lang.reflect.Method)[pri:0, instance:de.alain.FreelancerDe.testCase.TestCases@efde75f]" started-at="2021-01-29T14:43:56 CET" name="prozessLogikAbwicklung" data-provider="data" finished-at="2021-01-29T14:44:08 CET" duration-ms="11161" status="PASS">
          <params>
            <param index="0">
              <value>
                <![CDATA[{suchebegriff=Testkoordinator}]]>
              </value>
            </param>
            <param index="1">
              <value>
                <![CDATA[public void de.alain.FreelancerDe.testCase.TestCases.prozessLogikAbwicklung(java.util.Hashtable,java.lang.reflect.Method) throws java.lang.InterruptedException,java.io.IOException]]>
              </value>
            </param>
          </params>
          <reporter-output>
          </reporter-output>
        </test-method> <!-- prozessLogikAbwicklung -->
        <test-method is-config="true" signature="EndTest()[pri:0, instance:de.alain.FreelancerDe.testCase.TestCases@efde75f]" started-at="2021-01-29T14:44:08 CET" name="EndTest" finished-at="2021-01-29T14:44:11 CET" duration-ms="3018" status="PASS">
          <reporter-output>
          </reporter-output>
        </test-method> <!-- EndTest -->
      </class> <!-- de.alain.FreelancerDe.testCase.TestCases -->
    </test> <!-- Test -->
  </suite> <!-- Suite -->
</testng-results>
