<?xml version="1.0" encoding="UTF-8"?>
<testng-results ignored="0" total="3" passed="3" failed="0" skipped="0">
  <reporter-output>
  </reporter-output>
  <suite started-at="2021-02-02T16:04:30 CET" name="Suite" finished-at="2021-02-02T16:06:02 CET" duration-ms="91667">
    <groups>
    </groups>
    <test started-at="2021-02-02T16:04:30 CET" name="Test" finished-at="2021-02-02T16:06:02 CET" duration-ms="91667">
      <class name="de.alain.FreelancerDe.testCase.TestCases">
        <test-method is-config="true" signature="setUpFramework()[pri:0, instance:de.alain.FreelancerDe.testCase.TestCases@2e1ef60]" started-at="2021-02-02T16:04:30 CET" name="setUpFramework" finished-at="2021-02-02T16:04:30 CET" duration-ms="37" status="PASS">
          <reporter-output>
          </reporter-output>
        </test-method> <!-- setUpFramework -->
        <test-method is-config="true" signature="beforeMethod()[pri:0, instance:de.alain.FreelancerDe.testCase.TestCases@2e1ef60]" started-at="2021-02-02T16:04:30 CET" name="beforeMethod" finished-at="2021-02-02T16:04:37 CET" duration-ms="6589" status="PASS">
          <reporter-output>
          </reporter-output>
        </test-method> <!-- beforeMethod -->
        <test-method signature="prozessLogikAbwicklung(java.util.Hashtable, java.lang.reflect.Method)[pri:0, instance:de.alain.FreelancerDe.testCase.TestCases@2e1ef60]" started-at="2021-02-02T16:04:37 CET" name="prozessLogikAbwicklung" data-provider="data" finished-at="2021-02-02T16:05:12 CET" duration-ms="35712" status="PASS">
          <params>
            <param index="0">
              <value>
                <![CDATA[{suchebegriff=msg}]]>
              </value>
            </param>
            <param index="1">
              <value>
                <![CDATA[public void de.alain.FreelancerDe.testCase.TestCases.prozessLogikAbwicklung(java.util.Hashtable,java.lang.reflect.Method) throws java.lang.InterruptedException,java.io.IOException]]>
              </value>
            </param>
          </params>
          <reporter-output>
          </reporter-output>
        </test-method> <!-- prozessLogikAbwicklung -->
        <test-method is-config="true" signature="beforeMethod()[pri:0, instance:de.alain.FreelancerDe.testCase.TestCases@2e1ef60]" started-at="2021-02-02T16:05:12 CET" name="beforeMethod" finished-at="2021-02-02T16:05:12 CET" duration-ms="0" status="PASS">
          <reporter-output>
          </reporter-output>
        </test-method> <!-- beforeMethod -->
        <test-method signature="prozessLogikAbwicklung(java.util.Hashtable, java.lang.reflect.Method)[pri:0, instance:de.alain.FreelancerDe.testCase.TestCases@2e1ef60]" started-at="2021-02-02T16:05:12 CET" name="prozessLogikAbwicklung" data-provider="data" finished-at="2021-02-02T16:05:48 CET" duration-ms="36057" status="PASS">
          <params>
            <param index="0">
              <value>
                <![CDATA[{suchebegriff=Testautomatisierer}]]>
              </value>
            </param>
            <param index="1">
              <value>
                <![CDATA[public void de.alain.FreelancerDe.testCase.TestCases.prozessLogikAbwicklung(java.util.Hashtable,java.lang.reflect.Method) throws java.lang.InterruptedException,java.io.IOException]]>
              </value>
            </param>
          </params>
          <reporter-output>
          </reporter-output>
        </test-method> <!-- prozessLogikAbwicklung -->
        <test-method is-config="true" signature="beforeMethod()[pri:0, instance:de.alain.FreelancerDe.testCase.TestCases@2e1ef60]" started-at="2021-02-02T16:05:48 CET" name="beforeMethod" finished-at="2021-02-02T16:05:48 CET" duration-ms="1" status="PASS">
          <reporter-output>
          </reporter-output>
        </test-method> <!-- beforeMethod -->
        <test-method signature="prozessLogikAbwicklung(java.util.Hashtable, java.lang.reflect.Method)[pri:0, instance:de.alain.FreelancerDe.testCase.TestCases@2e1ef60]" started-at="2021-02-02T16:05:48 CET" name="prozessLogikAbwicklung" data-provider="data" finished-at="2021-02-02T16:05:59 CET" duration-ms="10228" status="PASS">
          <params>
            <param index="0">
              <value>
                <![CDATA[{suchebegriff=Testkoordinator}]]>
              </value>
            </param>
            <param index="1">
              <value>
                <![CDATA[public void de.alain.FreelancerDe.testCase.TestCases.prozessLogikAbwicklung(java.util.Hashtable,java.lang.reflect.Method) throws java.lang.InterruptedException,java.io.IOException]]>
              </value>
            </param>
          </params>
          <reporter-output>
          </reporter-output>
        </test-method> <!-- prozessLogikAbwicklung -->
        <test-method is-config="true" signature="EndTest()[pri:0, instance:de.alain.FreelancerDe.testCase.TestCases@2e1ef60]" started-at="2021-02-02T16:05:59 CET" name="EndTest" finished-at="2021-02-02T16:06:02 CET" duration-ms="3005" status="PASS">
          <reporter-output>
          </reporter-output>
        </test-method> <!-- EndTest -->
      </class> <!-- de.alain.FreelancerDe.testCase.TestCases -->
    </test> <!-- Test -->
  </suite> <!-- Suite -->
</testng-results>
