<?xml version="1.0" encoding="UTF-8"?>
<!-- Generated by org.testng.reporters.JUnitXMLReporter -->
<testsuite ignored="0" hostname="FCU-NBK500" failures="0" tests="3" name="Default test" time="90.874" errors="0" timestamp="2021-02-01T17:38:17 CET">
  <testcase classname="de.alain.FreelancerDe.testCase.TestCases" name="prozessLogikAbwicklung" time="42.01"/>
  <testcase classname="de.alain.FreelancerDe.testCase.TestCases" name="prozessLogikAbwicklung" time="28.742"/>
  <testcase classname="de.alain.FreelancerDe.testCase.TestCases" name="prozessLogikAbwicklung" time="9.918"/>
</testsuite> <!-- Default test -->
