<?xml version="1.0" encoding="UTF-8"?>
<!-- Generated by org.testng.reporters.JUnitXMLReporter -->
<testsuite ignored="0" hostname="FCU-NBK500" failures="0" tests="3" name="Default test" time="98.846" errors="0" timestamp="2021-01-22T19:24:37 CET">
  <testcase classname="de.alain.FreelancerDe.testCase.TestCases" name="prozessLogikAbwicklung" time="44.774"/>
  <testcase classname="de.alain.FreelancerDe.testCase.TestCases" name="prozessLogikAbwicklung" time="9.634"/>
  <testcase classname="de.alain.FreelancerDe.testCase.TestCases" name="prozessLogikAbwicklungTestautomatisierung" time="34.279"/>
</testsuite> <!-- Default test -->
