<?xml version="1.0" encoding="UTF-8"?>
<!-- Generated by org.testng.reporters.JUnitXMLReporter -->
<testsuite ignored="0" hostname="FCU-NBK500" failures="0" tests="3" name="Test" time="96.293" errors="0" timestamp="2021-02-02T13:29:30 CET">
  <testcase classname="de.alain.FreelancerDe.testCase.TestCases" name="prozessLogikAbwicklung" time="44.547"/>
  <testcase classname="de.alain.FreelancerDe.testCase.TestCases" name="prozessLogikAbwicklung" time="32.282"/>
  <testcase classname="de.alain.FreelancerDe.testCase.TestCases" name="prozessLogikAbwicklung" time="9.932"/>
</testsuite> <!-- Test -->
